{
  "RSpec": {
    "coverage": {
      "/Users/elee/constructor_pattern/lib/animales/animal_factory.rb": [
        1,
        4,
        1,
        null,
        1,
        1,
        null,
        1,
        1,
        null,
        null,
        1,
        1,
        null,
        null,
        1,
        1,
        null,
        null,
        1,
        null,
        1,
        3,
        null,
        null,
        1,
        3,
        null,
        null,
        null,
        null
      ],
      "/Users/elee/constructor_pattern/app/models/animal.rb": [
        1,
        null
      ],
      "/Users/elee/constructor_pattern/lib/animales/context/create_animal.rb": [
        1,
        1,
        1,
        null,
        1,
        2,
        null,
        null,
        1,
        1,
        null,
        null,
        null,
        null,
        null
      ],
      "/Users/elee/constructor_pattern/lib/animales/context/find_all_animals.rb": [
        1,
        1,
        1,
        null,
        1,
        2,
        null,
        null,
        1,
        1,
        null,
        null,
        null,
        null,
        null
      ],
      "/Users/elee/constructor_pattern/lib/animales/context/find_by_name.rb": [
        1,
        1,
        1,
        null,
        1,
        2,
        null,
        null,
        1,
        1,
        null,
        null,
        null,
        null,
        null
      ],
      "/Users/elee/constructor_pattern/lib/animales/repository/animal_repository.rb": [
        1,
        null,
        1,
        1,
        1,
        null,
        1,
        6,
        null,
        null,
        1,
        3,
        3,
        null,
        null,
        1,
        3,
        6,
        null,
        null,
        null,
        1,
        2,
        6,
        null,
        null,
        1,
        17,
        null,
        null,
        null,
        null,
        null,
        1,
        null,
        1,
        null,
        null,
        null,
        null
      ],
      "/Users/elee/constructor_pattern/lib/animales/entity/animal_entity.rb": [
        1,
        1,
        1,
        null,
        null,
        null,
        null,
        1,
        17,
        null,
        null,
        null,
        null,
        null,
        null
      ]
    },
    "timestamp": 1426705628
  }
}
